<?xml version="1.0" encoding="utf-8"?><testsuites name="pytest tests"><testsuite name="pytest" errors="0" failures="0" skipped="0" tests="13" time="5.659" timestamp="2026-08-09T20:10:54.729798+00:00" hostname="agent-env-c2c6026f-ecc7-4c7a-8bf2-f5098599bd4c"><testcase classname="tests.test_contracts_api" name="test_root" time="0.216" /><testcase classname="tests.test_contracts_api" name="test_get_fields" time="0.108" /><testcase classname="tests.test_contracts_api" name="test_upload_xlsx_and_automap_all_16" time="0.115" /><testcase classname="tests.test_contracts_api" name="test_upload_non_xlsx_returns_400" time="0.103" /><testcase classname="tests.test_contracts_api" name="test_create_contract" time="0.125" /><testcase classname="tests.test_contracts_api" name="test_batch_create" time="0.134" /><testcase classname="tests.test_contracts_api" name="test_list_and_search" time="0.331" /><testcase classname="tests.test_contracts_api" name="test_download_docx" time="0.151" /><testcase classname="tests.test_contracts_api" name="test_download_pdf" time="0.882" /><testcase classname="tests.test_contracts_api" name="test_preview_docx" time="0.137" /><testcase classname="tests.test_contracts_api" name="test_batch_download_zip" time="0.229" /><testcase classname="tests.test_contracts_api" name="test_batch_download_pdf_zip" time="1.624" /><testcase classname="tests.test_contracts_api" name="test_delete_contract" time="0.581" /></testsuite></testsuites>