<?xml version="1.0" encoding="utf-8"?><testsuites name="pytest tests"><testsuite name="pytest" errors="0" failures="0" skipped="0" tests="19" time="9.560" timestamp="2026-08-10T13:20:53.079843+00:00" hostname="agent-env-c2c6026f-ecc7-4c7a-8bf2-f5098599bd4c"><testcase classname="tests.test_contracts_api" name="test_root" time="0.261" /><testcase classname="tests.test_contracts_api" name="test_get_fields" time="0.099" /><testcase classname="tests.test_contracts_api" name="test_upload_xlsx_and_automap_all_16" time="0.114" /><testcase classname="tests.test_contracts_api" name="test_upload_non_xlsx_returns_400" time="0.098" /><testcase classname="tests.test_contracts_api" name="test_create_contract" time="0.115" /><testcase classname="tests.test_contracts_api" name="test_batch_create" time="0.112" /><testcase classname="tests.test_contracts_api" name="test_list_and_search" time="0.375" /><testcase classname="tests.test_contracts_api" name="test_download_docx" time="0.186" /><testcase classname="tests.test_contracts_api" name="test_download_pdf" time="1.002" /><testcase classname="tests.test_contracts_api" name="test_preview_docx" time="0.177" /><testcase classname="tests.test_contracts_api" name="test_batch_download_zip" time="0.341" /><testcase classname="tests.test_contracts_api" name="test_batch_download_pdf_zip" time="1.801" /><testcase classname="tests.test_contracts_api" name="test_delete_contract" time="0.674" /><testcase classname="tests.test_contracts_api" name="test_stats_endpoint" time="0.115" /><testcase classname="tests.test_contracts_api" name="test_sample_template_download" time="0.132" /><testcase classname="tests.test_contracts_api" name="test_note_field_appears_when_filled" time="0.180" /><testcase classname="tests.test_contracts_api" name="test_note_field_absent_when_empty" time="0.177" /><testcase classname="tests.test_contracts_api" name="test_batch_print_merged_pdf" time="2.361" /><testcase classname="tests.test_contracts_api" name="test_existing_seeded_contract_present" time="0.308" /></testsuite></testsuites>